<?xml version="1.0" encoding="UTF-8"?>
<testsuite xmlns:xsi="http://www.w3.org/2001/XMLSchema-instance" xsi:noNamespaceSchemaLocation="https://maven.apache.org/surefire/maven-surefire-plugin/xsd/surefire-test-report-3.0.xsd" version="3.0" name="TestSuite" time="4.272" tests="4" errors="0" skipped="0" failures="0">
  <properties>
    <property name="sun.desktop" value="windows"/>
    <property name="awt.toolkit" value="sun.awt.windows.WToolkit"/>
    <property name="file.encoding.pkg" value="sun.io"/>
    <property name="java.specification.version" value="1.8"/>
    <property name="sun.cpu.isalist" value="amd64"/>
    <property name="sun.jnu.encoding" value="Cp1252"/>
    <property name="java.class.path" value="D:\Eclipse Project\CreditSuisseChallenge\target\test-classes;D:\Eclipse Project\CreditSuisseChallenge\target\classes;C:\Users\praful.kambe\.m2\repository\org\apache\logging\log4j\log4j-api\2.14.1\log4j-api-2.14.1.jar;C:\Users\praful.kambe\.m2\repository\org\apache\logging\log4j\log4j-core\2.14.1\log4j-core-2.14.1.jar;C:\Users\praful.kambe\.m2\repository\com\google\code\gson\gson\2.8.7\gson-2.8.7.jar;C:\Users\praful.kambe\.m2\repository\org\hsqldb\hsqldb\2.3.1\hsqldb-2.3.1.jar;C:\Users\praful.kambe\.m2\repository\commons-io\commons-io\2.5\commons-io-2.5.jar;C:\Users\praful.kambe\.m2\repository\org\testng\testng\6.11\testng-6.11.jar;C:\Users\praful.kambe\.m2\repository\com\beust\jcommander\1.64\jcommander-1.64.jar;C:\Users\praful.kambe\.m2\repository\org\yaml\snakeyaml\1.17\snakeyaml-1.17.jar;C:\Users\praful.kambe\.m2\repository\com\aventstack\extentreports\3.1.3\extentreports-3.1.3.jar;C:\Users\praful.kambe\.m2\repository\org\freemarker\freemarker\2.3.23\freemarker-2.3.23.jar;C:\Users\praful.kambe\.m2\repository\org\mongodb\mongodb-driver\3.3.0\mongodb-driver-3.3.0.jar;C:\Users\praful.kambe\.m2\repository\org\mongodb\bson\3.3.0\bson-3.3.0.jar;C:\Users\praful.kambe\.m2\repository\org\mongodb\mongodb-driver-core\3.3.0\mongodb-driver-core-3.3.0.jar;C:\Users\praful.kambe\.m2\repository\org\apache\httpcomponents\httpclient\4.5.2\httpclient-4.5.2.jar;C:\Users\praful.kambe\.m2\repository\org\apache\httpcomponents\httpcore\4.4.4\httpcore-4.4.4.jar;C:\Users\praful.kambe\.m2\repository\commons-logging\commons-logging\1.2\commons-logging-1.2.jar;C:\Users\praful.kambe\.m2\repository\commons-codec\commons-codec\1.9\commons-codec-1.9.jar;C:\Users\praful.kambe\.m2\repository\org\apache\httpcomponents\httpmime\4.5.2\httpmime-4.5.2.jar;C:\Users\praful.kambe\.m2\repository\org\jsoup\jsoup\1.9.2\jsoup-1.9.2.jar;"/>
    <property name="java.vm.vendor" value="Oracle Corporation"/>
    <property name="sun.arch.data.model" value="64"/>
    <property name="user.variant" value=""/>
    <property name="java.vendor.url" value="http://java.oracle.com/"/>
    <property name="filepath" value="logfile.txt"/>
    <property name="user.timezone" value="Asia/Calcutta"/>
    <property name="java.vm.specification.version" value="1.8"/>
    <property name="os.name" value="Windows 10"/>
    <property name="user.country" value="IN"/>
    <property name="sun.java.launcher" value="SUN_STANDARD"/>
    <property name="sun.boot.library.path" value="C:\Program Files\Java\jre1.8.0_251\bin"/>
    <property name="sun.java.command" value="C:\Users\praful.kambe\AppData\Local\Temp\surefire1340072353165662378\surefirebooter5503452548282519618.jar C:\Users\praful.kambe\AppData\Local\Temp\surefire1340072353165662378 2021-10-27T20-10-03_232-jvmRun1 surefire7843407892879254050tmp surefire_05367180906884187253tmp"/>
    <property name="surefire.test.class.path" value="D:\Eclipse Project\CreditSuisseChallenge\target\test-classes;D:\Eclipse Project\CreditSuisseChallenge\target\classes;C:\Users\praful.kambe\.m2\repository\org\apache\logging\log4j\log4j-api\2.14.1\log4j-api-2.14.1.jar;C:\Users\praful.kambe\.m2\repository\org\apache\logging\log4j\log4j-core\2.14.1\log4j-core-2.14.1.jar;C:\Users\praful.kambe\.m2\repository\com\google\code\gson\gson\2.8.7\gson-2.8.7.jar;C:\Users\praful.kambe\.m2\repository\org\hsqldb\hsqldb\2.3.1\hsqldb-2.3.1.jar;C:\Users\praful.kambe\.m2\repository\commons-io\commons-io\2.5\commons-io-2.5.jar;C:\Users\praful.kambe\.m2\repository\org\testng\testng\6.11\testng-6.11.jar;C:\Users\praful.kambe\.m2\repository\com\beust\jcommander\1.64\jcommander-1.64.jar;C:\Users\praful.kambe\.m2\repository\org\yaml\snakeyaml\1.17\snakeyaml-1.17.jar;C:\Users\praful.kambe\.m2\repository\com\aventstack\extentreports\3.1.3\extentreports-3.1.3.jar;C:\Users\praful.kambe\.m2\repository\org\freemarker\freemarker\2.3.23\freemarker-2.3.23.jar;C:\Users\praful.kambe\.m2\repository\org\mongodb\mongodb-driver\3.3.0\mongodb-driver-3.3.0.jar;C:\Users\praful.kambe\.m2\repository\org\mongodb\bson\3.3.0\bson-3.3.0.jar;C:\Users\praful.kambe\.m2\repository\org\mongodb\mongodb-driver-core\3.3.0\mongodb-driver-core-3.3.0.jar;C:\Users\praful.kambe\.m2\repository\org\apache\httpcomponents\httpclient\4.5.2\httpclient-4.5.2.jar;C:\Users\praful.kambe\.m2\repository\org\apache\httpcomponents\httpcore\4.4.4\httpcore-4.4.4.jar;C:\Users\praful.kambe\.m2\repository\commons-logging\commons-logging\1.2\commons-logging-1.2.jar;C:\Users\praful.kambe\.m2\repository\commons-codec\commons-codec\1.9\commons-codec-1.9.jar;C:\Users\praful.kambe\.m2\repository\org\apache\httpcomponents\httpmime\4.5.2\httpmime-4.5.2.jar;C:\Users\praful.kambe\.m2\repository\org\jsoup\jsoup\1.9.2\jsoup-1.9.2.jar;"/>
    <property name="sun.cpu.endian" value="little"/>
    <property name="user.home" value="C:\Users\praful.kambe"/>
    <property name="user.language" value="en"/>
    <property name="java.specification.vendor" value="Oracle Corporation"/>
    <property name="java.home" value="C:\Program Files\Java\jre1.8.0_251"/>
    <property name="basedir" value="D:\Eclipse Project\CreditSuisseChallenge"/>
    <property name="file.separator" value="\"/>
    <property name="line.separator" value="&#10;"/>
    <property name="java.vm.specification.vendor" value="Oracle Corporation"/>
    <property name="java.specification.name" value="Java Platform API Specification"/>
    <property name="java.awt.graphicsenv" value="sun.awt.Win32GraphicsEnvironment"/>
    <property name="surefire.real.class.path" value="C:\Users\praful.kambe\AppData\Local\Temp\surefire1340072353165662378\surefirebooter5503452548282519618.jar"/>
    <property name="sun.boot.class.path" value="C:\Program Files\Java\jre1.8.0_251\lib\resources.jar;C:\Program Files\Java\jre1.8.0_251\lib\rt.jar;C:\Program Files\Java\jre1.8.0_251\lib\sunrsasign.jar;C:\Program Files\Java\jre1.8.0_251\lib\jsse.jar;C:\Program Files\Java\jre1.8.0_251\lib\jce.jar;C:\Program Files\Java\jre1.8.0_251\lib\charsets.jar;C:\Program Files\Java\jre1.8.0_251\lib\jfr.jar;C:\Program Files\Java\jre1.8.0_251\classes"/>
    <property name="user.script" value=""/>
    <property name="sun.management.compiler" value="HotSpot 64-Bit Tiered Compilers"/>
    <property name="java.runtime.version" value="1.8.0_251-b08"/>
    <property name="user.name" value="praful.kambe"/>
    <property name="path.separator" value=";"/>
    <property name="os.version" value="10.0"/>
    <property name="java.endorsed.dirs" value="C:\Program Files\Java\jre1.8.0_251\lib\endorsed"/>
    <property name="java.runtime.name" value="Java(TM) SE Runtime Environment"/>
    <property name="file.encoding" value="Cp1252"/>
    <property name="java.vm.name" value="Java HotSpot(TM) 64-Bit Server VM"/>
    <property name="localRepository" value="C:\Users\praful.kambe\.m2\repository"/>
    <property name="java.vendor.url.bug" value="http://bugreport.sun.com/bugreport/"/>
    <property name="java.io.tmpdir" value="C:\Users\PRAFUL~1.KAM\AppData\Local\Temp\"/>
    <property name="java.version" value="1.8.0_251"/>
    <property name="user.dir" value="D:\Eclipse Project\CreditSuisseChallenge"/>
    <property name="os.arch" value="amd64"/>
    <property name="java.vm.specification.name" value="Java Virtual Machine Specification"/>
    <property name="java.awt.printerjob" value="sun.awt.windows.WPrinterJob"/>
    <property name="sun.os.patch.level" value=""/>
    <property name="java.library.path" value="C:\Program Files\Java\jre1.8.0_251\bin;C:\WINDOWS\Sun\Java\bin;C:\WINDOWS\system32;C:\WINDOWS;C:\Program Files (x86)\Common Files\Oracle\Java\javapath;C:\ProgramData\Oracle\Java\javapath;C:\Program Files\Common Files\Microsoft Shared\Microsoft Online Services;C:\Program Files (x86)\Common Files\Microsoft Shared\Microsoft Online Services;C:\WINDOWS\system32;C:\WINDOWS;C:\WINDOWS\System32\Wbem;C:\WINDOWS\System32\WindowsPowerShell\v1.0\;C:\WINDOWS\System32\OpenSSH\;C:\Program Files (x86)\Microsoft SQL Server\Client SDK\ODBC\130\Tools\Binn\;C:\Program Files (x86)\Microsoft SQL Server\140\Tools\Binn\;C:\Program Files (x86)\Microsoft SQL Server\140\DTS\Binn\;C:\Program Files (x86)\Microsoft SQL Server\140\Tools\Binn\ManagementStudio\;C:\Program Files\Microsoft SQL Server\130\Tools\Binn\;C:\Program Files (x86)\Microsoft SQL Server\110\DTS\Binn\;C:\Program Files (x86)\Microsoft SQL Server\120\DTS\Binn\;C:\Program Files (x86)\Microsoft SQL Server\130\DTS\Binn\;C:\Program Files (x86)\Microsoft SQL Server\150\DTS\Binn\;C:\Program Files\Intel\WiFi\bin\;C:\Program Files\Common Files\Intel\WirelessCommon\;C:\Users\praful.kambe\AppData\Local\Programs\Python\Python38-32;C:\Users\praful.kambe\AppData\Local\Programs\Python\Python38-32\Scripts;C:\Program Files\Microsoft SQL Server\Client SDK\ODBC\170\Tools\Binn\;C:\apache-maven-3.8.3-bin\apache-maven-3.8.3\bin;C:\Users\praful.kambe\AppData\Local\Microsoft\WindowsApps;C:\Users\praful.kambe\AppData\Local\Programs\Azure Data Studio\bin;C:\Users\praful.kambe\AppData\Local\Programs\Git\cmd;."/>
    <property name="java.vm.info" value="mixed mode"/>
    <property name="java.vendor" value="Oracle Corporation"/>
    <property name="java.vm.version" value="25.251-b08"/>
    <property name="java.ext.dirs" value="C:\Program Files\Java\jre1.8.0_251\lib\ext;C:\WINDOWS\Sun\Java\lib\ext"/>
    <property name="sun.io.unicode.encoding" value="UnicodeLittle"/>
    <property name="java.class.version" value="52.0"/>
  </properties>
  <testcase name="logProcessingTest" classname="com.sc.test.End2EndPositiveScenarioWithExtentReport" time="1.203">
    <system-out><![CDATA[[INFO ] 2021-10-27 20:10:08.941 [main] Log - ****** ***********************************************************
[INFO ] 2021-10-27 20:10:08.959 [main] Log - ***** Initializing Test Execution for End2EndTest ****************
[INFO ] 2021-10-27 20:10:08.959 [main] Log - ******************************************************************
C:\Users\praful.kambe\Desktop\logfile.txt
Proceeding with Test
[WARN ] 2021-10-27 20:10:09.782 [main] Log - Deleting all entries in DB table : LogEvents
SQL Query: CREATE TABLE IF NOT EXISTS LogEvents (Event_Id VARCHAR(50) NOT NULL, Event_Duration INT NOT NULL, Event_Type VARCHAR(50), Host VARCHAR(50), Alert BOOLEAN DEFAULT FALSE NOT NULL)
[INFO ] 2021-10-27 20:10:09.806 [main] Log - Creating LogEvents table
[INFO ] 2021-10-27 20:10:09.822 [main] Log - Closing DB connection.
]]></system-out>
  </testcase>
  <testcase name="checkDBConnectionTest" classname="com.sc.test.HyperSqlDBConnectionTest" time="0.014">
    <system-out><![CDATA[[INFO ] 2021-10-27 20:10:10.282 [main] Log - ******************************************************
[INFO ] 2021-10-27 20:10:10.282 [main] Log - ****** Finished Test Execution for End2EndTest *******
[INFO ] 2021-10-27 20:10:10.283 [main] Log - ******************************************************
[INFO ] 2021-10-27 20:10:10.285 [main] Log - *****************************************************************************************
[INFO ] 2021-10-27 20:10:10.285 [main] Log - ****** Initializing Test Execution for class com.sc.test.HyperSqlDBConnectionTest *******
[INFO ] 2021-10-27 20:10:10.286 [main] Log - *****************************************************************************************
[INFO ] 2021-10-27 20:10:10.293 [main] Log - DB Connection is successful
[INFO ] 2021-10-27 20:10:10.296 [main] Log - Closing DB connection.
]]></system-out>
  </testcase>
  <testcase name="createTableTest" classname="com.sc.test.HyperSqlDBConnectionTest" time="0.018">
    <system-out><![CDATA[[INFO ] 2021-10-27 20:10:10.300 [main] Log - DB Connection is successful
SQL Query: CREATE TABLE IF NOT EXISTS LogEvents (Event_Id VARCHAR(50) NOT NULL, Event_Duration INT NOT NULL, Event_Type VARCHAR(50), Host VARCHAR(50), Alert BOOLEAN DEFAULT FALSE NOT NULL)
[INFO ] 2021-10-27 20:10:10.300 [main] Log - Creating LogEvents table
[INFO ] 2021-10-27 20:10:10.301 [main] Log - Closing DB connection.
]]></system-out>
  </testcase>
  <testcase name="readRecordsFromDBTest" classname="com.sc.test.HyperSqlDBConnectionTest" time="0.04">
    <system-out><![CDATA[[INFO ] 2021-10-27 20:10:10.305 [main] Log - DB Connection is successful
******** Printing DB Records *******
EVENT_ID scsmbstgrx,  EVENT_DURATION 7,  EVENT_TYPE APPLICATION_LOG,  HOST 12345,  ALERT TRUE
EVENT_ID scsmbstgry,  EVENT_DURATION 1,  EVENT_TYPE null,  HOST null,  ALERT FALSE
EVENT_ID scsmbstgrz,  EVENT_DURATION 8,  EVENT_TYPE null,  HOST null,  ALERT TRUE
********** END ***********
[INFO ] 2021-10-27 20:10:10.316 [main] Log - Closing DB connection.
]]></system-out>
  </testcase>
</testsuite>