<?xml version="1.0" encoding="UTF-8"?>
<!-- Generated by org.testng.reporters.JUnitReportReporter -->
<testsuite hostname="YPH1008818LT" name="com.sc.test.End2EndPositiveScenarioWithExtentReport" tests="1" failures="0" timestamp="27 Oct 2021 13:30:11 GMT" time="0.653" errors="0">
  <testcase name="logProcessingTest" time="0.653" classname="com.sc.test.End2EndPositiveScenarioWithExtentReport"/>
</testsuite> <!-- com.sc.test.End2EndPositiveScenarioWithExtentReport -->
