<?xml version="1.0" encoding="UTF-8"?>
<!-- Generated by org.testng.reporters.JUnitReportReporter -->
<testsuite hostname="YPH1008818LT" name="com.sc.test.CMDTest" tests="1" failures="0" timestamp="27 Oct 2021 03:10:42 GMT" time="2.754" errors="0">
  <testcase name="logAnalysisTest" time="2.754" classname="com.sc.test.CMDTest"/>
</testsuite> <!-- com.sc.test.CMDTest -->
