<?xml version="1.0" encoding="UTF-8"?>
<!-- Generated by org.testng.reporters.JUnitReportReporter -->
<testsuite hostname="YPH1008818LT" name="com.sc.test.HyperSqlDBConnectionTest" tests="3" failures="0" timestamp="27 Oct 2021 13:34:40 GMT" time="0.319" errors="0">
  <testcase name="checkDBConnectionTest" time="0.303" classname="com.sc.test.HyperSqlDBConnectionTest"/>
  <testcase name="readRecordsFromDBTest" time="0.016" classname="com.sc.test.HyperSqlDBConnectionTest"/>
  <testcase name="createTableTest" time="0.000" classname="com.sc.test.HyperSqlDBConnectionTest"/>
</testsuite> <!-- com.sc.test.HyperSqlDBConnectionTest -->
