<?xml version="1.0" encoding="UTF-8"?>
<!-- Generated by org.testng.reporters.JUnitReportReporter -->
<testsuite hostname="YPH1008818LT" name="com.sc.test.End2EndScenarioTest" tests="1" failures="0" timestamp="27 Oct 2021 13:31:40 GMT" time="0.000" errors="0">
  <testcase name="f" time="0.000" classname="com.sc.test.End2EndScenarioTest"/>
</testsuite> <!-- com.sc.test.End2EndScenarioTest -->
