<?xml version="1.0" encoding="UTF-8"?>
<!-- Generated by org.testng.reporters.JUnitReportReporter -->
<testsuite skipped="0" hostname="YPH1008818LT" name="com.sc.test.HyperSqlDBConnectionTest" tests="3" failures="0" timestamp="27 Oct 2021 14:40:10 GMT" time="0.028" errors="0">
  <testcase name="checkDBConnectionTest" time="0.009" classname="com.sc.test.HyperSqlDBConnectionTest"/>
  <testcase name="createTableTest" time="0.004" classname="com.sc.test.HyperSqlDBConnectionTest"/>
  <testcase name="readRecordsFromDBTest" time="0.015" classname="com.sc.test.HyperSqlDBConnectionTest"/>
</testsuite> <!-- com.sc.test.HyperSqlDBConnectionTest -->
