<?xml version="1.0" encoding="UTF-8"?>
<!-- Generated by org.testng.reporters.JUnitReportReporter -->
<testsuite skipped="0" hostname="YPH1008818LT" name="com.sc.test.End2EndPositiveScenarioWithExtentReport" tests="1" failures="0" timestamp="27 Oct 2021 14:40:10 GMT" time="1.206" errors="0">
  <testcase name="logProcessingTest" time="1.206" classname="com.sc.test.End2EndPositiveScenarioWithExtentReport"/>
</testsuite> <!-- com.sc.test.End2EndPositiveScenarioWithExtentReport -->
